#
# There is insufficient memory for the Java Runtime Environment to continue.
# Native memory allocation (mmap) failed to map 398458880 bytes for G1 virtual space
# Possible reasons:
#   The system is out of physical RAM or swap space
#   The process is running with CompressedOops enabled, and the Java Heap may be blocking the growth of the native heap
# Possible solutions:
#   Reduce memory load on the system
#   Increase physical memory or swap space
#   Check if swap backing store is full
#   Decrease Java heap size (-Xmx/-Xms)
#   Decrease number of Java threads
#   Decrease Java thread stack sizes (-Xss)
#   Set larger code cache with -XX:ReservedCodeCacheSize=
#   JVM is running with Zero Based Compressed Oops mode in which the Java heap is
#     placed in the first 32GB address space. The Java Heap base address is the
#     maximum limit for the native heap growth. Please use -XX:HeapBaseMinAddress
#     to set the Java Heap base and to place the Java Heap above 32GB virtual address.
# This output file may be truncated or incomplete.
#
#  Out of Memory Error (os_windows.cpp:3771), pid=22040, tid=17724
#
# JRE version:  (17.0.7) (build )
# Java VM: OpenJDK 64-Bit Server VM (17.0.7+0-b2043.56-10550314, mixed mode, sharing, tiered, compressed oops, compressed class ptrs, g1 gc, windows-amd64)
# No core dump will be written. Minidumps are not enabled by default on client versions of Windows
#

---------------  S U M M A R Y ------------

Command Line: org.jetbrains.kotlin.cli.jvm.K2JVMCompiler @D:\HCMUS\HCMUS\3rd_Year\Semester_7\CS300\CS300-Chatchit\app\build\20240103_14621594082576875055.compiler.options

Host: 11th Gen Intel(R) Core(TM) i7-11800H @ 2.30GHz, 16 cores, 23G,  Windows 11 , 64 bit Build 22621 (10.0.22621.2506)
Time: Wed Jan  3 16:40:27 2024 SE Asia Standard Time elapsed time: 0.010203 seconds (0d 0h 0m 0s)

---------------  T H R E A D  ---------------

Current thread (0x00000224bbee7e40):  JavaThread "Unknown thread" [_thread_in_vm, id=17724, stack(0x000000c292000000,0x000000c292100000)]

Stack: [0x000000c292000000,0x000000c292100000]
Native frames: (J=compiled Java code, j=interpreted, Vv=VM code, C=native code)
V  [jvm.dll+0x683bfa]
V  [jvm.dll+0x8430a4]
V  [jvm.dll+0x8449be]
V  [jvm.dll+0x845023]
V  [jvm.dll+0x24ad2f]
V  [jvm.dll+0x680ac9]
V  [jvm.dll+0x67519a]
V  [jvm.dll+0x30b3cb]
V  [jvm.dll+0x312876]
V  [jvm.dll+0x36221e]
V  [jvm.dll+0x36244f]
V  [jvm.dll+0x2e14a8]
V  [jvm.dll+0x2e2414]
V  [jvm.dll+0x814391]
V  [jvm.dll+0x36ffe1]
V  [jvm.dll+0x7f396c]
V  [jvm.dll+0x3f305f]
V  [jvm.dll+0x3f4b91]
C  [jli.dll+0x528f]
C  [ucrtbase.dll+0x29363]
C  [KERNEL32.DLL+0x1257d]
C  [ntdll.dll+0x5aa58]


---------------  P R O C E S S  ---------------

Threads class SMR info:
_java_thread_list=0x00007fffd424d098, length=0, elements={
}

Java Threads: ( => current thread )

Other Threads:
  0x00000224bbf740e0 GCTaskThread "GC Thread#0" [stack: 0x000000c292100000,0x000000c292200000] [id=24904]
  0x00000224bbf80de0 ConcurrentGCThread "G1 Main Marker" [stack: 0x000000c292200000,0x000000c292300000] [id=25808]
  0x00000224bbf817f0 ConcurrentGCThread "G1 Conc#0" [stack: 0x000000c292300000,0x000000c292400000] [id=26784]

[error occurred during error reporting (printing all threads), id 0xc0000005, EXCEPTION_ACCESS_VIOLATION (0xc0000005) at pc=0x00007fffd3a02087]

VM state: not at safepoint (not fully initialized)

VM Mutex/Monitor currently owned by a thread:  ([mutex/lock_event])
[0x00000224bbee4ec0] Heap_lock - owner thread: 0x00000224bbee7e40

Heap address: 0x0000000684800000, size: 6072 MB, Compressed Oops mode: Zero based, Oop shift amount: 3

CDS archive(s) mapped at: [0x0000000000000000-0x0000000000000000-0x0000000000000000), size 0, SharedBaseAddress: 0x0000000800000000, ArchiveRelocationMode: 0.
Narrow klass base: 0x0000000000000000, Narrow klass shift: 0, Narrow klass range: 0x0

GC Precious Log:
<Empty>

Heap:
 garbage-first heap   total 0K, used 0K [0x0000000684800000, 0x0000000800000000)
  region size 4096K, 0 young (0K), 0 survivors (0K)
 Metaspace       used 0K, committed 0K, reserved 0K
  class space    used 0K, committed 0K, reserved 0K

Heap Regions: E=young(eden), S=young(survivor), O=old, HS=humongous(starts), HC=humongous(continues), CS=collection set, F=free, OA=open archive, CA=closed archive, TAMS=top-at-mark-start (previous, next)

Card table byte_map: [0x00000224cf820000,0x00000224d0400000] _byte_map_base: 0x00000224cc3fc000

Marking Bits (Prev, Next): (CMBitMap*) 0x00000224bbf746f0, (CMBitMap*) 0x00000224bbf74730
 Prev Bits: [0x00000224d0fe0000, 0x00000224d6ec0000)
 Next Bits: [0x00000224d6ec0000, 0x00000224dcda0000)

GC Heap History (0 events):
No events

Dll operation events (1 events):
Event: 0.006 Loaded shared library D:\Android_Studio\jbr\bin\java.dll

Deoptimization events (0 events):
No events

Classes unloaded (0 events):
No events

Classes redefined (0 events):
No events

Internal exceptions (0 events):
No events

VM Operations (0 events):
No events

Events (0 events):
No events


Dynamic libraries:
0x00007ff7ae690000 - 0x00007ff7ae69a000 	D:\Android_Studio\jbr\bin\java.exe
0x00007ff8b0e30000 - 0x00007ff8b1047000 	C:\WINDOWS\SYSTEM32\ntdll.dll
0x00007ff8afd90000 - 0x00007ff8afe54000 	C:\WINDOWS\System32\KERNEL32.DLL
0x00007ff8ae750000 - 0x00007ff8aeaf6000 	C:\WINDOWS\System32\KERNELBASE.dll
0x00007ff8ae1a0000 - 0x00007ff8ae2b1000 	C:\WINDOWS\System32\ucrtbase.dll
0x00007ff8596e0000 - 0x00007ff8596f7000 	D:\Android_Studio\jbr\bin\jli.dll
0x00007ff872c30000 - 0x00007ff872c4b000 	D:\Android_Studio\jbr\bin\VCRUNTIME140.dll
0x00007ff8b06c0000 - 0x00007ff8b086e000 	C:\WINDOWS\System32\USER32.dll
0x00007ff888e30000 - 0x00007ff8890c3000 	C:\WINDOWS\WinSxS\amd64_microsoft.windows.common-controls_6595b64144ccf1df_6.0.22621.2506_none_270c5ae97388e100\COMCTL32.dll
0x00007ff8ae4d0000 - 0x00007ff8ae4f6000 	C:\WINDOWS\System32\win32u.dll
0x00007ff8b0bb0000 - 0x00007ff8b0c57000 	C:\WINDOWS\System32\msvcrt.dll
0x00007ff8afd60000 - 0x00007ff8afd89000 	C:\WINDOWS\System32\GDI32.dll
0x00007ff8ae570000 - 0x00007ff8ae688000 	C:\WINDOWS\System32\gdi32full.dll
0x00007ff8ae430000 - 0x00007ff8ae4ca000 	C:\WINDOWS\System32\msvcp_win.dll
0x00007ff8af470000 - 0x00007ff8af4a1000 	C:\WINDOWS\System32\IMM32.DLL
0x00007ff878570000 - 0x00007ff87857c000 	D:\Android_Studio\jbr\bin\vcruntime140_1.dll
0x00007ff85cbc0000 - 0x00007ff85cc4d000 	D:\Android_Studio\jbr\bin\msvcp140.dll
0x00007fffd3710000 - 0x00007fffd4390000 	D:\Android_Studio\jbr\bin\server\jvm.dll
0x00007ff8aec10000 - 0x00007ff8aecc1000 	C:\WINDOWS\System32\ADVAPI32.dll
0x00007ff8aef70000 - 0x00007ff8af015000 	C:\WINDOWS\System32\sechost.dll
0x00007ff8b0970000 - 0x00007ff8b0a87000 	C:\WINDOWS\System32\RPCRT4.dll
0x00007ff8a3c50000 - 0x00007ff8a3c84000 	C:\WINDOWS\SYSTEM32\WINMM.dll
0x00007ff89feb0000 - 0x00007ff89feba000 	C:\WINDOWS\SYSTEM32\VERSION.dll
0x00007ff890250000 - 0x00007ff890259000 	C:\WINDOWS\SYSTEM32\WSOCK32.dll
0x00007ff8aecf0000 - 0x00007ff8aed61000 	C:\WINDOWS\System32\WS2_32.dll
0x00007ff8ad160000 - 0x00007ff8ad178000 	C:\WINDOWS\SYSTEM32\kernel.appcore.dll
0x00007ff872c20000 - 0x00007ff872c2a000 	D:\Android_Studio\jbr\bin\jimage.dll
0x00007ff8aba60000 - 0x00007ff8abc93000 	C:\WINDOWS\SYSTEM32\DBGHELP.DLL
0x00007ff8af070000 - 0x00007ff8af3f9000 	C:\WINDOWS\System32\combase.dll
0x00007ff8b0ad0000 - 0x00007ff8b0ba7000 	C:\WINDOWS\System32\OLEAUT32.dll
0x00007ff89ded0000 - 0x00007ff89df02000 	C:\WINDOWS\SYSTEM32\dbgcore.DLL
0x00007ff8aeb00000 - 0x00007ff8aeb7a000 	C:\WINDOWS\System32\bcryptPrimitives.dll
0x00007ff872bf0000 - 0x00007ff872c15000 	D:\Android_Studio\jbr\bin\java.dll

dbghelp: loaded successfully - version: 4.0.5 - missing functions: none
symbol engine: initialized successfully - sym options: 0x614 - pdb path: .;D:\Android_Studio\jbr\bin;C:\WINDOWS\SYSTEM32;C:\WINDOWS\WinSxS\amd64_microsoft.windows.common-controls_6595b64144ccf1df_6.0.22621.2506_none_270c5ae97388e100;D:\Android_Studio\jbr\bin\server

VM Arguments:
java_command: org.jetbrains.kotlin.cli.jvm.K2JVMCompiler @D:\HCMUS\HCMUS\3rd_Year\Semester_7\CS300\CS300-Chatchit\app\build\20240103_14621594082576875055.compiler.options
java_class_path (initial): C:\Users\admin\.gradle\caches\modules-2\files-2.1\org.jetbrains.kotlin\kotlin-compiler-embeddable\1.8.10\b0757fd774344d54ce93f5ad6c30ba1c1731c8ff\kotlin-compiler-embeddable-1.8.10.jar;C:\Users\admin\.gradle\caches\modules-2\files-2.1\org.jetbrains.kotlin\kotlin-stdlib\1.8.10\6d5560a229477df9406943d5feda5618e98eb64c\kotlin-stdlib-1.8.10.jar;C:\Users\admin\.gradle\caches\modules-2\files-2.1\org.jetbrains.kotlin\kotlin-script-runtime\1.8.10\b13ea9c7e46d589139e56086a878763290e20bd5\kotlin-script-runtime-1.8.10.jar;C:\Users\admin\.gradle\caches\modules-2\files-2.1\org.jetbrains.kotlin\kotlin-reflect\1.6.10\1cbe9c92c12a94eea200d23c2bbaedaf3daf5132\kotlin-reflect-1.6.10.jar;C:\Users\admin\.gradle\caches\modules-2\files-2.1\org.jetbrains.kotlin\kotlin-daemon-embeddable\1.8.10\ad8541d9bc1cf9e52c3204161247910c2cf601d4\kotlin-daemon-embeddable-1.8.10.jar;C:\Users\admin\.gradle\caches\modules-2\files-2.1\org.jetbrains.intellij.deps\trove4j\1.0.20200330\3afb14d5f9ceb459d724e907a21145e8ff394f02\trove4j-1.0.20200330.jar;C:\Users\admin\.gradle\caches\modules-2\files-2.1\net.java.dev.jna\jna\5.6.0\330f2244e9030119ab3030fc3fededc86713d9cc\jna-5.6.0.jar;C:\Users\admin\.gradle\caches\modules-2\files-2.1\org.jetbrains.kotlin\kotlin-stdlib-common\1.8.10\a61b182458550492c12aee66157d7b524a63a5ec\kotlin-stdlib-common-1.8.10.jar;C:\Users\admin\.gradle\caches\modules-2\files-2.1\org.jetbrains\annotations\13.0\919f0dfe192fb4e063e7dacadee7f8bb9a2672a9\annotations-13.0.jar
Launcher Type: SUN_STANDARD

[Global flags]
     intx CICompilerCount                          = 12                                        {product} {ergonomic}
     uint ConcGCThreads                            = 3                                         {product} {ergonomic}
     uint G1ConcRefinementThreads                  = 13                                        {product} {ergonomic}
   size_t G1HeapRegionSize                         = 4194304                                   {product} {ergonomic}
    uintx GCDrainStackTargetSize                   = 64                                        {product} {ergonomic}
   size_t InitialHeapSize                          = 398458880                                 {product} {ergonomic}
   size_t MarkStackSize                            = 4194304                                   {product} {ergonomic}
   size_t MaxHeapSize                              = 6366953472                                {product} {ergonomic}
   size_t MinHeapDeltaBytes                        = 4194304                                   {product} {ergonomic}
   size_t MinHeapSize                              = 8388608                                   {product} {ergonomic}
    uintx NonNMethodCodeHeapSize                   = 7602480                                {pd product} {ergonomic}
    uintx NonProfiledCodeHeapSize                  = 122027880                              {pd product} {ergonomic}
    uintx ProfiledCodeHeapSize                     = 122027880                              {pd product} {ergonomic}
    uintx ReservedCodeCacheSize                    = 251658240                              {pd product} {ergonomic}
     bool SegmentedCodeCache                       = true                                      {product} {ergonomic}
   size_t SoftMaxHeapSize                          = 6366953472                             {manageable} {ergonomic}
     bool UseCompressedClassPointers               = true                           {product lp64_product} {ergonomic}
     bool UseCompressedOops                        = true                           {product lp64_product} {ergonomic}
     bool UseG1GC                                  = true                                      {product} {ergonomic}
     bool UseLargePagesIndividualAllocation        = false                                  {pd product} {ergonomic}

Logging:
Log output configuration:
 #0: stdout all=warning uptime,level,tags
 #1: stderr all=off uptime,level,tags

Environment Variables:
JAVA_HOME=C:\Program Files\Java\jdk-19
PATH=C:\Program Files\Common Files\Oracle\Java\javapath;C:\Program Files (x86)\Common Files\Oracle\Java\javapath;C:\Windows\system32;C:\Windows;C:\Windows\System32\Wbem;C:\Windows\System32\WindowsPowerShell\v1.0\;C:\Windows\System32\OpenSSH\;C:\Program Files (x86)\NVIDIA Corporation\PhysX\Common;C:\Program Files\NVIDIA Corporation\NVIDIA NvDLISR;C:\Program Files\Git\cmd;C:\Program Files (x86)\PowerShell\7\;C:\Program Files\Java\jdk-18.0.1.1\bin;C:\Program Files\nodejs\;C:\ProgramData\chocolatey\bin;C:\Program Files\dotnet\;C:\Program Files (x86)\Windows Kits\10\Windows Performance Toolkit\;C:\Program Files (x86)\Microsoft SQL Server\160\Tools\Binn\;C:\Program Files\Microsoft SQL Server\160\Tools\Binn\;C:\Program Files\Microsoft SQL Server\Client SDK\ODBC\170\Tools\Binn\;C:\Program Files\Microsoft SQL Server\160\DTS\Binn\;C:\WINDOWS\system32;C:\WINDOWS;C:\WINDOWS\System32\Wbem;C:\WINDOWS\System32\WindowsPowerShell\v1.0\;C:\WINDOWS\System32\OpenSSH\;D:\Swipl\bin;C:\Program Files\PowerShell\7\;C:\Program Files\Cloudflare\Cloudflare WARP\;D:\Go\bin;C:\Program Files\Docker\Docker\resources\bin;D:\msys64\mingw64\bin;C:\Users\admin\.cargo\bin;C:\Users\admin\AppData\Local\Microsoft\WindowsApps;C:\MinGW\bin;D:\texlive\2022\bin\win32;C:\Users\admin\AppData\Local\Microsoft\WindowsApps;C:\Users\admin\AppData\Local\Programs\MiKTeX\miktex\bin\x64\;C:\Users\admin\AppData\Local\Programs\Microsoft VS Code\bin;C:\Users\admin\AppData\Roaming\npm;C:\Users\admin\AppData\Local\Pandoc\;D:\CTF-Forensics\Tools\sleuthkit-4.12.0-win32\bin;C:\Program Files\Azure Data Studio\bin;C:\Users\admin\go\bin
USERNAME=admin
OS=Windows_NT
PROCESSOR_IDENTIFIER=Intel64 Family 6 Model 141 Stepping 1, GenuineIntel
TMP=C:\Users\admin\AppData\Local\Temp
TEMP=C:\Users\admin\AppData\Local\Temp


JNI global refs:
JNI global refs: 0, weak refs: 0

JNI global refs memory usage: 0, weak refs: 0

OOME stack traces (most recent first):
Classloader memory used:


---------------  S Y S T E M  ---------------

OS:
 Windows 11 , 64 bit Build 22621 (10.0.22621.2506)
OS uptime: 0 days 2:25 hours
Hyper-V role detected

CPU: total 16 (initial active 16) (8 cores per cpu, 2 threads per core) family 6 model 141 stepping 1 microcode 0x26, cx8, cmov, fxsr, ht, mmx, 3dnowpref, sse, sse2, sse3, ssse3, sse4.1, sse4.2, popcnt, lzcnt, tsc, tscinvbit, avx, avx2, aes, erms, clmul, bmi1, bmi2, adx, avx512f, avx512dq, avx512cd, avx512bw, avx512vl, sha, fma, vzeroupper, avx512_vpopcntdq, avx512_vpclmulqdq, avx512_vaes, avx512_vnni, clflush, clflushopt, clwb, avx512_vbmi2, avx512_vbmi, hv

Memory: 4k page, system-wide physical 24277M (6984M free)
TotalPageFile size 24277M (AvailPageFile size 206M)
current process WorkingSet (physical memory assigned to process): 11M, peak: 11M
current process commit charge ("private bytes"): 70M, peak: 450M

vm_info: OpenJDK 64-Bit Server VM (17.0.7+0-b2043.56-10550314) for windows-amd64 JRE (17.0.7+0-b2043.56-10550314), built on Jul 24 2023 18:27:45 by "androidbuild" with MS VC++ 16.10 / 16.11 (VS2019)

END.
